<?xml version="1.0" encoding="UTF-8"?>
<testsuite xmlns:xsi="http://www.w3.org/2001/XMLSchema-instance" xsi:noNamespaceSchemaLocation="https://maven.apache.org/surefire/maven-surefire-plugin/xsd/surefire-test-report-3.0.xsd" version="3.0" name="br.org.sesisenai.DoaVille.DoaVilleApplicationTests" time="7.11" tests="1" errors="0" skipped="0" failures="0">
  <properties>
    <property name="java.specification.version" value="21"/>
    <property name="sun.jnu.encoding" value="UTF-8"/>
    <property name="java.class.path" value="/home/red-dragon/IdeaProjects/ProjetoAvaliativoII-JMT/target/test-classes:/home/red-dragon/IdeaProjects/ProjetoAvaliativoII-JMT/target/classes:/home/red-dragon/.m2/repository/jakarta/validation/jakarta.validation-api/3.0.2/jakarta.validation-api-3.0.2.jar:/home/red-dragon/.m2/repository/org/hibernate/validator/hibernate-validator/8.0.1.Final/hibernate-validator-8.0.1.Final.jar:/home/red-dragon/.m2/repository/org/jboss/logging/jboss-logging/3.5.3.Final/jboss-logging-3.5.3.Final.jar:/home/red-dragon/.m2/repository/com/fasterxml/classmate/1.6.0/classmate-1.6.0.jar:/home/red-dragon/.m2/repository/org/glassfish/jakarta.el/4.0.2/jakarta.el-4.0.2.jar:/home/red-dragon/.m2/repository/jakarta/el/jakarta.el-api/4.0.0/jakarta.el-api-4.0.0.jar:/home/red-dragon/.m2/repository/org/springframework/boot/spring-boot-starter-web/3.2.5/spring-boot-starter-web-3.2.5.jar:/home/red-dragon/.m2/repository/org/springframework/boot/spring-boot-starter/3.2.5/spring-boot-starter-3.2.5.jar:/home/red-dragon/.m2/repository/org/springframework/boot/spring-boot/3.2.5/spring-boot-3.2.5.jar:/home/red-dragon/.m2/repository/org/springframework/boot/spring-boot-autoconfigure/3.2.5/spring-boot-autoconfigure-3.2.5.jar:/home/red-dragon/.m2/repository/org/springframework/boot/spring-boot-starter-logging/3.2.5/spring-boot-starter-logging-3.2.5.jar:/home/red-dragon/.m2/repository/ch/qos/logback/logback-classic/1.4.14/logback-classic-1.4.14.jar:/home/red-dragon/.m2/repository/ch/qos/logback/logback-core/1.4.14/logback-core-1.4.14.jar:/home/red-dragon/.m2/repository/org/apache/logging/log4j/log4j-to-slf4j/2.21.1/log4j-to-slf4j-2.21.1.jar:/home/red-dragon/.m2/repository/org/apache/logging/log4j/log4j-api/2.21.1/log4j-api-2.21.1.jar:/home/red-dragon/.m2/repository/org/slf4j/jul-to-slf4j/2.0.13/jul-to-slf4j-2.0.13.jar:/home/red-dragon/.m2/repository/jakarta/annotation/jakarta.annotation-api/2.1.1/jakarta.annotation-api-2.1.1.jar:/home/red-dragon/.m2/repository/org/yaml/snakeyaml/2.2/snakeyaml-2.2.jar:/home/red-dragon/.m2/repository/org/springframework/boot/spring-boot-starter-json/3.2.5/spring-boot-starter-json-3.2.5.jar:/home/red-dragon/.m2/repository/com/fasterxml/jackson/datatype/jackson-datatype-jdk8/2.15.4/jackson-datatype-jdk8-2.15.4.jar:/home/red-dragon/.m2/repository/com/fasterxml/jackson/datatype/jackson-datatype-jsr310/2.15.4/jackson-datatype-jsr310-2.15.4.jar:/home/red-dragon/.m2/repository/com/fasterxml/jackson/module/jackson-module-parameter-names/2.15.4/jackson-module-parameter-names-2.15.4.jar:/home/red-dragon/.m2/repository/org/springframework/boot/spring-boot-starter-tomcat/3.2.5/spring-boot-starter-tomcat-3.2.5.jar:/home/red-dragon/.m2/repository/org/apache/tomcat/embed/tomcat-embed-core/10.1.20/tomcat-embed-core-10.1.20.jar:/home/red-dragon/.m2/repository/org/apache/tomcat/embed/tomcat-embed-el/10.1.20/tomcat-embed-el-10.1.20.jar:/home/red-dragon/.m2/repository/org/apache/tomcat/embed/tomcat-embed-websocket/10.1.20/tomcat-embed-websocket-10.1.20.jar:/home/red-dragon/.m2/repository/org/springframework/spring-web/6.1.6/spring-web-6.1.6.jar:/home/red-dragon/.m2/repository/org/springframework/spring-beans/6.1.6/spring-beans-6.1.6.jar:/home/red-dragon/.m2/repository/io/micrometer/micrometer-observation/1.12.5/micrometer-observation-1.12.5.jar:/home/red-dragon/.m2/repository/io/micrometer/micrometer-commons/1.12.5/micrometer-commons-1.12.5.jar:/home/red-dragon/.m2/repository/org/springframework/spring-webmvc/6.1.6/spring-webmvc-6.1.6.jar:/home/red-dragon/.m2/repository/org/springframework/spring-context/6.1.6/spring-context-6.1.6.jar:/home/red-dragon/.m2/repository/org/springframework/spring-expression/6.1.6/spring-expression-6.1.6.jar:/home/red-dragon/.m2/repository/org/springframework/boot/spring-boot-starter-data-jpa/3.2.5/spring-boot-starter-data-jpa-3.2.5.jar:/home/red-dragon/.m2/repository/org/springframework/boot/spring-boot-starter-aop/3.2.5/spring-boot-starter-aop-3.2.5.jar:/home/red-dragon/.m2/repository/org/aspectj/aspectjweaver/1.9.22/aspectjweaver-1.9.22.jar:/home/red-dragon/.m2/repository/org/springframework/boot/spring-boot-starter-jdbc/3.2.5/spring-boot-starter-jdbc-3.2.5.jar:/home/red-dragon/.m2/repository/com/zaxxer/HikariCP/5.0.1/HikariCP-5.0.1.jar:/home/red-dragon/.m2/repository/org/springframework/spring-jdbc/6.1.6/spring-jdbc-6.1.6.jar:/home/red-dragon/.m2/repository/org/hibernate/orm/hibernate-core/6.4.4.Final/hibernate-core-6.4.4.Final.jar:/home/red-dragon/.m2/repository/jakarta/persistence/jakarta.persistence-api/3.1.0/jakarta.persistence-api-3.1.0.jar:/home/red-dragon/.m2/repository/jakarta/transaction/jakarta.transaction-api/2.0.1/jakarta.transaction-api-2.0.1.jar:/home/red-dragon/.m2/repository/org/hibernate/common/hibernate-commons-annotations/6.0.6.Final/hibernate-commons-annotations-6.0.6.Final.jar:/home/red-dragon/.m2/repository/io/smallrye/jandex/3.1.2/jandex-3.1.2.jar:/home/red-dragon/.m2/repository/net/bytebuddy/byte-buddy/1.14.13/byte-buddy-1.14.13.jar:/home/red-dragon/.m2/repository/org/glassfish/jaxb/jaxb-runtime/4.0.5/jaxb-runtime-4.0.5.jar:/home/red-dragon/.m2/repository/org/glassfish/jaxb/jaxb-core/4.0.5/jaxb-core-4.0.5.jar:/home/red-dragon/.m2/repository/org/eclipse/angus/angus-activation/2.0.2/angus-activation-2.0.2.jar:/home/red-dragon/.m2/repository/org/glassfish/jaxb/txw2/4.0.5/txw2-4.0.5.jar:/home/red-dragon/.m2/repository/com/sun/istack/istack-commons-runtime/4.1.2/istack-commons-runtime-4.1.2.jar:/home/red-dragon/.m2/repository/jakarta/inject/jakarta.inject-api/2.0.1/jakarta.inject-api-2.0.1.jar:/home/red-dragon/.m2/repository/org/antlr/antlr4-runtime/4.13.0/antlr4-runtime-4.13.0.jar:/home/red-dragon/.m2/repository/org/springframework/data/spring-data-jpa/3.2.5/spring-data-jpa-3.2.5.jar:/home/red-dragon/.m2/repository/org/springframework/data/spring-data-commons/3.2.5/spring-data-commons-3.2.5.jar:/home/red-dragon/.m2/repository/org/springframework/spring-orm/6.1.6/spring-orm-6.1.6.jar:/home/red-dragon/.m2/repository/org/springframework/spring-tx/6.1.6/spring-tx-6.1.6.jar:/home/red-dragon/.m2/repository/org/slf4j/slf4j-api/2.0.13/slf4j-api-2.0.13.jar:/home/red-dragon/.m2/repository/org/springframework/spring-aspects/6.1.6/spring-aspects-6.1.6.jar:/home/red-dragon/.m2/repository/org/springframework/boot/spring-boot-starter-security/3.2.5/spring-boot-starter-security-3.2.5.jar:/home/red-dragon/.m2/repository/org/springframework/spring-aop/6.1.6/spring-aop-6.1.6.jar:/home/red-dragon/.m2/repository/org/springframework/security/spring-security-config/6.2.4/spring-security-config-6.2.4.jar:/home/red-dragon/.m2/repository/org/springframework/security/spring-security-core/6.2.4/spring-security-core-6.2.4.jar:/home/red-dragon/.m2/repository/org/springframework/security/spring-security-crypto/6.2.4/spring-security-crypto-6.2.4.jar:/home/red-dragon/.m2/repository/org/springframework/security/spring-security-web/6.2.4/spring-security-web-6.2.4.jar:/home/red-dragon/.m2/repository/io/jsonwebtoken/jjwt-api/0.11.5/jjwt-api-0.11.5.jar:/home/red-dragon/.m2/repository/io/jsonwebtoken/jjwt-impl/0.11.5/jjwt-impl-0.11.5.jar:/home/red-dragon/.m2/repository/io/jsonwebtoken/jjwt-jackson/0.11.5/jjwt-jackson-0.11.5.jar:/home/red-dragon/.m2/repository/com/fasterxml/jackson/core/jackson-databind/2.15.4/jackson-databind-2.15.4.jar:/home/red-dragon/.m2/repository/com/fasterxml/jackson/core/jackson-annotations/2.15.4/jackson-annotations-2.15.4.jar:/home/red-dragon/.m2/repository/com/fasterxml/jackson/core/jackson-core/2.15.4/jackson-core-2.15.4.jar:/home/red-dragon/.m2/repository/org/postgresql/postgresql/42.6.2/postgresql-42.6.2.jar:/home/red-dragon/.m2/repository/org/checkerframework/checker-qual/3.31.0/checker-qual-3.31.0.jar:/home/red-dragon/.m2/repository/org/modelmapper/modelmapper/3.1.0/modelmapper-3.1.0.jar:/home/red-dragon/.m2/repository/org/springframework/boot/spring-boot-starter-test/3.2.5/spring-boot-starter-test-3.2.5.jar:/home/red-dragon/.m2/repository/org/springframework/boot/spring-boot-test/3.2.5/spring-boot-test-3.2.5.jar:/home/red-dragon/.m2/repository/org/springframework/boot/spring-boot-test-autoconfigure/3.2.5/spring-boot-test-autoconfigure-3.2.5.jar:/home/red-dragon/.m2/repository/com/jayway/jsonpath/json-path/2.9.0/json-path-2.9.0.jar:/home/red-dragon/.m2/repository/jakarta/xml/bind/jakarta.xml.bind-api/4.0.2/jakarta.xml.bind-api-4.0.2.jar:/home/red-dragon/.m2/repository/jakarta/activation/jakarta.activation-api/2.1.3/jakarta.activation-api-2.1.3.jar:/home/red-dragon/.m2/repository/net/minidev/json-smart/2.5.1/json-smart-2.5.1.jar:/home/red-dragon/.m2/repository/net/minidev/accessors-smart/2.5.1/accessors-smart-2.5.1.jar:/home/red-dragon/.m2/repository/org/ow2/asm/asm/9.6/asm-9.6.jar:/home/red-dragon/.m2/repository/org/assertj/assertj-core/3.24.2/assertj-core-3.24.2.jar:/home/red-dragon/.m2/repository/org/awaitility/awaitility/4.2.1/awaitility-4.2.1.jar:/home/red-dragon/.m2/repository/org/hamcrest/hamcrest/2.2/hamcrest-2.2.jar:/home/red-dragon/.m2/repository/org/junit/jupiter/junit-jupiter/5.10.2/junit-jupiter-5.10.2.jar:/home/red-dragon/.m2/repository/org/junit/jupiter/junit-jupiter-api/5.10.2/junit-jupiter-api-5.10.2.jar:/home/red-dragon/.m2/repository/org/opentest4j/opentest4j/1.3.0/opentest4j-1.3.0.jar:/home/red-dragon/.m2/repository/org/junit/platform/junit-platform-commons/1.10.2/junit-platform-commons-1.10.2.jar:/home/red-dragon/.m2/repository/org/apiguardian/apiguardian-api/1.1.2/apiguardian-api-1.1.2.jar:/home/red-dragon/.m2/repository/org/junit/jupiter/junit-jupiter-params/5.10.2/junit-jupiter-params-5.10.2.jar:/home/red-dragon/.m2/repository/org/junit/jupiter/junit-jupiter-engine/5.10.2/junit-jupiter-engine-5.10.2.jar:/home/red-dragon/.m2/repository/org/junit/platform/junit-platform-engine/1.10.2/junit-platform-engine-1.10.2.jar:/home/red-dragon/.m2/repository/org/mockito/mockito-core/5.7.0/mockito-core-5.7.0.jar:/home/red-dragon/.m2/repository/net/bytebuddy/byte-buddy-agent/1.14.13/byte-buddy-agent-1.14.13.jar:/home/red-dragon/.m2/repository/org/objenesis/objenesis/3.3/objenesis-3.3.jar:/home/red-dragon/.m2/repository/org/mockito/mockito-junit-jupiter/5.7.0/mockito-junit-jupiter-5.7.0.jar:/home/red-dragon/.m2/repository/org/skyscreamer/jsonassert/1.5.1/jsonassert-1.5.1.jar:/home/red-dragon/.m2/repository/com/vaadin/external/google/android-json/0.0.20131108.vaadin1/android-json-0.0.20131108.vaadin1.jar:/home/red-dragon/.m2/repository/org/springframework/spring-core/6.1.6/spring-core-6.1.6.jar:/home/red-dragon/.m2/repository/org/springframework/spring-jcl/6.1.6/spring-jcl-6.1.6.jar:/home/red-dragon/.m2/repository/org/springframework/spring-test/6.1.6/spring-test-6.1.6.jar:/home/red-dragon/.m2/repository/org/xmlunit/xmlunit-core/2.9.1/xmlunit-core-2.9.1.jar:"/>
    <property name="java.vm.vendor" value="Red Hat, Inc."/>
    <property name="sun.arch.data.model" value="64"/>
    <property name="java.vendor.url" value="https://www.redhat.com/"/>
    <property name="user.timezone" value="America/Sao_Paulo"/>
    <property name="org.jboss.logging.provider" value="slf4j"/>
    <property name="os.name" value="Linux"/>
    <property name="java.vm.specification.version" value="21"/>
    <property name="sun.java.launcher" value="SUN_STANDARD"/>
    <property name="user.country" value="BR"/>
    <property name="sun.boot.library.path" value="/usr/lib/jvm/java-21-openjdk/lib"/>
    <property name="sun.java.command" value="/home/red-dragon/IdeaProjects/ProjetoAvaliativoII-JMT/target/surefire/surefirebooter-20250518135412778_3.jar /home/red-dragon/IdeaProjects/ProjetoAvaliativoII-JMT/target/surefire 2025-05-18T13-54-12_655-jvmRun1 surefire-20250518135412778_1tmp surefire_0-20250518135412778_2tmp"/>
    <property name="jdk.debug" value="release"/>
    <property name="surefire.test.class.path" value="/home/red-dragon/IdeaProjects/ProjetoAvaliativoII-JMT/target/test-classes:/home/red-dragon/IdeaProjects/ProjetoAvaliativoII-JMT/target/classes:/home/red-dragon/.m2/repository/jakarta/validation/jakarta.validation-api/3.0.2/jakarta.validation-api-3.0.2.jar:/home/red-dragon/.m2/repository/org/hibernate/validator/hibernate-validator/8.0.1.Final/hibernate-validator-8.0.1.Final.jar:/home/red-dragon/.m2/repository/org/jboss/logging/jboss-logging/3.5.3.Final/jboss-logging-3.5.3.Final.jar:/home/red-dragon/.m2/repository/com/fasterxml/classmate/1.6.0/classmate-1.6.0.jar:/home/red-dragon/.m2/repository/org/glassfish/jakarta.el/4.0.2/jakarta.el-4.0.2.jar:/home/red-dragon/.m2/repository/jakarta/el/jakarta.el-api/4.0.0/jakarta.el-api-4.0.0.jar:/home/red-dragon/.m2/repository/org/springframework/boot/spring-boot-starter-web/3.2.5/spring-boot-starter-web-3.2.5.jar:/home/red-dragon/.m2/repository/org/springframework/boot/spring-boot-starter/3.2.5/spring-boot-starter-3.2.5.jar:/home/red-dragon/.m2/repository/org/springframework/boot/spring-boot/3.2.5/spring-boot-3.2.5.jar:/home/red-dragon/.m2/repository/org/springframework/boot/spring-boot-autoconfigure/3.2.5/spring-boot-autoconfigure-3.2.5.jar:/home/red-dragon/.m2/repository/org/springframework/boot/spring-boot-starter-logging/3.2.5/spring-boot-starter-logging-3.2.5.jar:/home/red-dragon/.m2/repository/ch/qos/logback/logback-classic/1.4.14/logback-classic-1.4.14.jar:/home/red-dragon/.m2/repository/ch/qos/logback/logback-core/1.4.14/logback-core-1.4.14.jar:/home/red-dragon/.m2/repository/org/apache/logging/log4j/log4j-to-slf4j/2.21.1/log4j-to-slf4j-2.21.1.jar:/home/red-dragon/.m2/repository/org/apache/logging/log4j/log4j-api/2.21.1/log4j-api-2.21.1.jar:/home/red-dragon/.m2/repository/org/slf4j/jul-to-slf4j/2.0.13/jul-to-slf4j-2.0.13.jar:/home/red-dragon/.m2/repository/jakarta/annotation/jakarta.annotation-api/2.1.1/jakarta.annotation-api-2.1.1.jar:/home/red-dragon/.m2/repository/org/yaml/snakeyaml/2.2/snakeyaml-2.2.jar:/home/red-dragon/.m2/repository/org/springframework/boot/spring-boot-starter-json/3.2.5/spring-boot-starter-json-3.2.5.jar:/home/red-dragon/.m2/repository/com/fasterxml/jackson/datatype/jackson-datatype-jdk8/2.15.4/jackson-datatype-jdk8-2.15.4.jar:/home/red-dragon/.m2/repository/com/fasterxml/jackson/datatype/jackson-datatype-jsr310/2.15.4/jackson-datatype-jsr310-2.15.4.jar:/home/red-dragon/.m2/repository/com/fasterxml/jackson/module/jackson-module-parameter-names/2.15.4/jackson-module-parameter-names-2.15.4.jar:/home/red-dragon/.m2/repository/org/springframework/boot/spring-boot-starter-tomcat/3.2.5/spring-boot-starter-tomcat-3.2.5.jar:/home/red-dragon/.m2/repository/org/apache/tomcat/embed/tomcat-embed-core/10.1.20/tomcat-embed-core-10.1.20.jar:/home/red-dragon/.m2/repository/org/apache/tomcat/embed/tomcat-embed-el/10.1.20/tomcat-embed-el-10.1.20.jar:/home/red-dragon/.m2/repository/org/apache/tomcat/embed/tomcat-embed-websocket/10.1.20/tomcat-embed-websocket-10.1.20.jar:/home/red-dragon/.m2/repository/org/springframework/spring-web/6.1.6/spring-web-6.1.6.jar:/home/red-dragon/.m2/repository/org/springframework/spring-beans/6.1.6/spring-beans-6.1.6.jar:/home/red-dragon/.m2/repository/io/micrometer/micrometer-observation/1.12.5/micrometer-observation-1.12.5.jar:/home/red-dragon/.m2/repository/io/micrometer/micrometer-commons/1.12.5/micrometer-commons-1.12.5.jar:/home/red-dragon/.m2/repository/org/springframework/spring-webmvc/6.1.6/spring-webmvc-6.1.6.jar:/home/red-dragon/.m2/repository/org/springframework/spring-context/6.1.6/spring-context-6.1.6.jar:/home/red-dragon/.m2/repository/org/springframework/spring-expression/6.1.6/spring-expression-6.1.6.jar:/home/red-dragon/.m2/repository/org/springframework/boot/spring-boot-starter-data-jpa/3.2.5/spring-boot-starter-data-jpa-3.2.5.jar:/home/red-dragon/.m2/repository/org/springframework/boot/spring-boot-starter-aop/3.2.5/spring-boot-starter-aop-3.2.5.jar:/home/red-dragon/.m2/repository/org/aspectj/aspectjweaver/1.9.22/aspectjweaver-1.9.22.jar:/home/red-dragon/.m2/repository/org/springframework/boot/spring-boot-starter-jdbc/3.2.5/spring-boot-starter-jdbc-3.2.5.jar:/home/red-dragon/.m2/repository/com/zaxxer/HikariCP/5.0.1/HikariCP-5.0.1.jar:/home/red-dragon/.m2/repository/org/springframework/spring-jdbc/6.1.6/spring-jdbc-6.1.6.jar:/home/red-dragon/.m2/repository/org/hibernate/orm/hibernate-core/6.4.4.Final/hibernate-core-6.4.4.Final.jar:/home/red-dragon/.m2/repository/jakarta/persistence/jakarta.persistence-api/3.1.0/jakarta.persistence-api-3.1.0.jar:/home/red-dragon/.m2/repository/jakarta/transaction/jakarta.transaction-api/2.0.1/jakarta.transaction-api-2.0.1.jar:/home/red-dragon/.m2/repository/org/hibernate/common/hibernate-commons-annotations/6.0.6.Final/hibernate-commons-annotations-6.0.6.Final.jar:/home/red-dragon/.m2/repository/io/smallrye/jandex/3.1.2/jandex-3.1.2.jar:/home/red-dragon/.m2/repository/net/bytebuddy/byte-buddy/1.14.13/byte-buddy-1.14.13.jar:/home/red-dragon/.m2/repository/org/glassfish/jaxb/jaxb-runtime/4.0.5/jaxb-runtime-4.0.5.jar:/home/red-dragon/.m2/repository/org/glassfish/jaxb/jaxb-core/4.0.5/jaxb-core-4.0.5.jar:/home/red-dragon/.m2/repository/org/eclipse/angus/angus-activation/2.0.2/angus-activation-2.0.2.jar:/home/red-dragon/.m2/repository/org/glassfish/jaxb/txw2/4.0.5/txw2-4.0.5.jar:/home/red-dragon/.m2/repository/com/sun/istack/istack-commons-runtime/4.1.2/istack-commons-runtime-4.1.2.jar:/home/red-dragon/.m2/repository/jakarta/inject/jakarta.inject-api/2.0.1/jakarta.inject-api-2.0.1.jar:/home/red-dragon/.m2/repository/org/antlr/antlr4-runtime/4.13.0/antlr4-runtime-4.13.0.jar:/home/red-dragon/.m2/repository/org/springframework/data/spring-data-jpa/3.2.5/spring-data-jpa-3.2.5.jar:/home/red-dragon/.m2/repository/org/springframework/data/spring-data-commons/3.2.5/spring-data-commons-3.2.5.jar:/home/red-dragon/.m2/repository/org/springframework/spring-orm/6.1.6/spring-orm-6.1.6.jar:/home/red-dragon/.m2/repository/org/springframework/spring-tx/6.1.6/spring-tx-6.1.6.jar:/home/red-dragon/.m2/repository/org/slf4j/slf4j-api/2.0.13/slf4j-api-2.0.13.jar:/home/red-dragon/.m2/repository/org/springframework/spring-aspects/6.1.6/spring-aspects-6.1.6.jar:/home/red-dragon/.m2/repository/org/springframework/boot/spring-boot-starter-security/3.2.5/spring-boot-starter-security-3.2.5.jar:/home/red-dragon/.m2/repository/org/springframework/spring-aop/6.1.6/spring-aop-6.1.6.jar:/home/red-dragon/.m2/repository/org/springframework/security/spring-security-config/6.2.4/spring-security-config-6.2.4.jar:/home/red-dragon/.m2/repository/org/springframework/security/spring-security-core/6.2.4/spring-security-core-6.2.4.jar:/home/red-dragon/.m2/repository/org/springframework/security/spring-security-crypto/6.2.4/spring-security-crypto-6.2.4.jar:/home/red-dragon/.m2/repository/org/springframework/security/spring-security-web/6.2.4/spring-security-web-6.2.4.jar:/home/red-dragon/.m2/repository/io/jsonwebtoken/jjwt-api/0.11.5/jjwt-api-0.11.5.jar:/home/red-dragon/.m2/repository/io/jsonwebtoken/jjwt-impl/0.11.5/jjwt-impl-0.11.5.jar:/home/red-dragon/.m2/repository/io/jsonwebtoken/jjwt-jackson/0.11.5/jjwt-jackson-0.11.5.jar:/home/red-dragon/.m2/repository/com/fasterxml/jackson/core/jackson-databind/2.15.4/jackson-databind-2.15.4.jar:/home/red-dragon/.m2/repository/com/fasterxml/jackson/core/jackson-annotations/2.15.4/jackson-annotations-2.15.4.jar:/home/red-dragon/.m2/repository/com/fasterxml/jackson/core/jackson-core/2.15.4/jackson-core-2.15.4.jar:/home/red-dragon/.m2/repository/org/postgresql/postgresql/42.6.2/postgresql-42.6.2.jar:/home/red-dragon/.m2/repository/org/checkerframework/checker-qual/3.31.0/checker-qual-3.31.0.jar:/home/red-dragon/.m2/repository/org/modelmapper/modelmapper/3.1.0/modelmapper-3.1.0.jar:/home/red-dragon/.m2/repository/org/springframework/boot/spring-boot-starter-test/3.2.5/spring-boot-starter-test-3.2.5.jar:/home/red-dragon/.m2/repository/org/springframework/boot/spring-boot-test/3.2.5/spring-boot-test-3.2.5.jar:/home/red-dragon/.m2/repository/org/springframework/boot/spring-boot-test-autoconfigure/3.2.5/spring-boot-test-autoconfigure-3.2.5.jar:/home/red-dragon/.m2/repository/com/jayway/jsonpath/json-path/2.9.0/json-path-2.9.0.jar:/home/red-dragon/.m2/repository/jakarta/xml/bind/jakarta.xml.bind-api/4.0.2/jakarta.xml.bind-api-4.0.2.jar:/home/red-dragon/.m2/repository/jakarta/activation/jakarta.activation-api/2.1.3/jakarta.activation-api-2.1.3.jar:/home/red-dragon/.m2/repository/net/minidev/json-smart/2.5.1/json-smart-2.5.1.jar:/home/red-dragon/.m2/repository/net/minidev/accessors-smart/2.5.1/accessors-smart-2.5.1.jar:/home/red-dragon/.m2/repository/org/ow2/asm/asm/9.6/asm-9.6.jar:/home/red-dragon/.m2/repository/org/assertj/assertj-core/3.24.2/assertj-core-3.24.2.jar:/home/red-dragon/.m2/repository/org/awaitility/awaitility/4.2.1/awaitility-4.2.1.jar:/home/red-dragon/.m2/repository/org/hamcrest/hamcrest/2.2/hamcrest-2.2.jar:/home/red-dragon/.m2/repository/org/junit/jupiter/junit-jupiter/5.10.2/junit-jupiter-5.10.2.jar:/home/red-dragon/.m2/repository/org/junit/jupiter/junit-jupiter-api/5.10.2/junit-jupiter-api-5.10.2.jar:/home/red-dragon/.m2/repository/org/opentest4j/opentest4j/1.3.0/opentest4j-1.3.0.jar:/home/red-dragon/.m2/repository/org/junit/platform/junit-platform-commons/1.10.2/junit-platform-commons-1.10.2.jar:/home/red-dragon/.m2/repository/org/apiguardian/apiguardian-api/1.1.2/apiguardian-api-1.1.2.jar:/home/red-dragon/.m2/repository/org/junit/jupiter/junit-jupiter-params/5.10.2/junit-jupiter-params-5.10.2.jar:/home/red-dragon/.m2/repository/org/junit/jupiter/junit-jupiter-engine/5.10.2/junit-jupiter-engine-5.10.2.jar:/home/red-dragon/.m2/repository/org/junit/platform/junit-platform-engine/1.10.2/junit-platform-engine-1.10.2.jar:/home/red-dragon/.m2/repository/org/mockito/mockito-core/5.7.0/mockito-core-5.7.0.jar:/home/red-dragon/.m2/repository/net/bytebuddy/byte-buddy-agent/1.14.13/byte-buddy-agent-1.14.13.jar:/home/red-dragon/.m2/repository/org/objenesis/objenesis/3.3/objenesis-3.3.jar:/home/red-dragon/.m2/repository/org/mockito/mockito-junit-jupiter/5.7.0/mockito-junit-jupiter-5.7.0.jar:/home/red-dragon/.m2/repository/org/skyscreamer/jsonassert/1.5.1/jsonassert-1.5.1.jar:/home/red-dragon/.m2/repository/com/vaadin/external/google/android-json/0.0.20131108.vaadin1/android-json-0.0.20131108.vaadin1.jar:/home/red-dragon/.m2/repository/org/springframework/spring-core/6.1.6/spring-core-6.1.6.jar:/home/red-dragon/.m2/repository/org/springframework/spring-jcl/6.1.6/spring-jcl-6.1.6.jar:/home/red-dragon/.m2/repository/org/springframework/spring-test/6.1.6/spring-test-6.1.6.jar:/home/red-dragon/.m2/repository/org/xmlunit/xmlunit-core/2.9.1/xmlunit-core-2.9.1.jar:"/>
    <property name="sun.cpu.endian" value="little"/>
    <property name="user.home" value="/home/red-dragon"/>
    <property name="user.language" value="pt"/>
    <property name="java.specification.vendor" value="Oracle Corporation"/>
    <property name="java.version.date" value="2025-04-15"/>
    <property name="java.home" value="/usr/lib/jvm/java-21-openjdk"/>
    <property name="file.separator" value="/"/>
    <property name="basedir" value="/home/red-dragon/IdeaProjects/ProjetoAvaliativoII-JMT"/>
    <property name="java.vm.compressedOopsMode" value="Zero based"/>
    <property name="line.separator" value="&#10;"/>
    <property name="java.vm.specification.vendor" value="Oracle Corporation"/>
    <property name="java.specification.name" value="Java Platform API Specification"/>
    <property name="FILE_LOG_CHARSET" value="UTF-8"/>
    <property name="java.awt.headless" value="true"/>
    <property name="surefire.real.class.path" value="/home/red-dragon/IdeaProjects/ProjetoAvaliativoII-JMT/target/surefire/surefirebooter-20250518135412778_3.jar"/>
    <property name="sun.management.compiler" value="HotSpot 64-Bit Tiered Compilers"/>
    <property name="java.runtime.version" value="21.0.7+6"/>
    <property name="user.name" value="red-dragon"/>
    <property name="stdout.encoding" value="UTF-8"/>
    <property name="path.separator" value=":"/>
    <property name="os.version" value="6.14.6-300.fc42.x86_64"/>
    <property name="java.runtime.name" value="OpenJDK Runtime Environment"/>
    <property name="file.encoding" value="UTF-8"/>
    <property name="java.vm.name" value="OpenJDK 64-Bit Server VM"/>
    <property name="java.vendor.version" value="(Red_Hat-21.0.7.0.6-1)"/>
    <property name="localRepository" value="/home/red-dragon/.m2/repository"/>
    <property name="java.vendor.url.bug" value="https://bugzilla.redhat.com/enter_bug.cgi?product=Fedora&amp;component=java-21-openjdk&amp;version=40"/>
    <property name="java.io.tmpdir" value="/tmp"/>
    <property name="com.zaxxer.hikari.pool_number" value="1"/>
    <property name="java.version" value="21.0.7"/>
    <property name="user.dir" value="/home/red-dragon/IdeaProjects/ProjetoAvaliativoII-JMT"/>
    <property name="os.arch" value="amd64"/>
    <property name="java.vm.specification.name" value="Java Virtual Machine Specification"/>
    <property name="PID" value="137384"/>
    <property name="CONSOLE_LOG_CHARSET" value="UTF-8"/>
    <property name="native.encoding" value="UTF-8"/>
    <property name="java.library.path" value="/usr/java/packages/lib:/usr/lib64:/lib64:/lib:/usr/lib"/>
    <property name="java.vm.info" value="mixed mode, sharing"/>
    <property name="stderr.encoding" value="UTF-8"/>
    <property name="java.vendor" value="Red Hat, Inc."/>
    <property name="java.vm.version" value="21.0.7+6"/>
    <property name="sun.io.unicode.encoding" value="UnicodeLittle"/>
    <property name="java.class.version" value="65.0"/>
  </properties>
  <testcase name="contextLoads" classname="br.org.sesisenai.DoaVille.DoaVilleApplicationTests" time="0.474">
    <system-out><![CDATA[13:54:13.770 [main] INFO org.springframework.test.context.support.AnnotationConfigContextLoaderUtils -- Could not detect default configuration classes for test class [br.org.sesisenai.DoaVille.DoaVilleApplicationTests]: DoaVilleApplicationTests does not declare any static, non-private, non-final, nested classes annotated with @Configuration.
13:54:13.924 [main] INFO org.springframework.boot.test.context.SpringBootTestContextBootstrapper -- Found @SpringBootConfiguration br.org.sesisenai.DoaVille.DoaVilleApplication for test class br.org.sesisenai.DoaVille.DoaVilleApplicationTests

  .   ____          _            __ _ _
 /\\ / ___'_ __ _ _(_)_ __  __ _ \ \ \ \
( ( )\___ | '_ | '_| | '_ \/ _` | \ \ \ \
 \\/  ___)| |_)| | | | | || (_| |  ) ) ) )
  '  |____| .__|_| |_|_| |_\__, | / / / /
 =========|_|==============|___/=/_/_/_/
 :: Spring Boot ::                (v3.2.5)

2025-05-18T13:54:14.508-03:00  INFO 137384 --- [           main] b.o.s.R.DoaVilleApplicationTests     : Starting DoaVilleApplicationTests using Java 21.0.7 with PID 137384 (started by red-dragon in /home/red-dragon/IdeaProjects/ProjetoAvaliativoII-JMT)
2025-05-18T13:54:14.510-03:00  INFO 137384 --- [           main] b.o.s.R.DoaVilleApplicationTests     : No active profile set, falling back to 1 default profile: "default"
2025-05-18T13:54:15.484-03:00  INFO 137384 --- [           main] .s.d.r.c.RepositoryConfigurationDelegate : Bootstrapping Spring Data JPA repositories in DEFAULT mode.
2025-05-18T13:54:15.566-03:00  INFO 137384 --- [           main] .s.d.r.c.RepositoryConfigurationDelegate : Finished Spring Data repository scanning in 71 ms. Found 4 JPA repository interfaces.
2025-05-18T13:54:16.331-03:00  INFO 137384 --- [           main] o.hibernate.jpa.internal.util.LogHelper  : HHH000204: Processing PersistenceUnitInfo [name: default]
2025-05-18T13:54:16.424-03:00  INFO 137384 --- [           main] org.hibernate.Version                    : HHH000412: Hibernate ORM core version 6.4.4.Final
2025-05-18T13:54:16.480-03:00  INFO 137384 --- [           main] o.h.c.internal.RegionFactoryInitiator    : HHH000026: Second-level cache disabled
2025-05-18T13:54:16.937-03:00  INFO 137384 --- [           main] o.s.o.j.p.SpringPersistenceUnitInfo      : No LoadTimeWeaver setup: ignoring JPA class transformer
2025-05-18T13:54:16.998-03:00  INFO 137384 --- [           main] com.zaxxer.hikari.HikariDataSource       : HikariPool-1 - Starting...
2025-05-18T13:54:17.319-03:00  INFO 137384 --- [           main] com.zaxxer.hikari.pool.HikariPool        : HikariPool-1 - Added connection org.postgresql.jdbc.PgConnection@44fb6ebd
2025-05-18T13:54:17.323-03:00  INFO 137384 --- [           main] com.zaxxer.hikari.HikariDataSource       : HikariPool-1 - Start completed.
2025-05-18T13:54:17.383-03:00  WARN 137384 --- [           main] org.hibernate.orm.deprecation            : HHH90000025: PostgreSQLDialect does not need to be specified explicitly using 'hibernate.dialect' (remove the property setting and it will be selected by default)
2025-05-18T13:54:18.601-03:00  INFO 137384 --- [           main] o.h.e.t.j.p.i.JtaPlatformInitiator       : HHH000489: No JTA platform available (set 'hibernate.transaction.jta.platform' to enable JTA platform integration)
2025-05-18T13:54:18.678-03:00  INFO 137384 --- [           main] j.LocalContainerEntityManagerFactoryBean : Initialized JPA EntityManagerFactory for persistence unit 'default'
2025-05-18T13:54:19.151-03:00  WARN 137384 --- [           main] JpaBaseConfiguration$JpaWebConfiguration : spring.jpa.open-in-view is enabled by default. Therefore, database queries may be performed during view rendering. Explicitly configure spring.jpa.open-in-view to disable this warning
2025-05-18T13:54:19.493-03:00  INFO 137384 --- [           main] o.s.s.web.DefaultSecurityFilterChain     : Will secure Or [Mvc [pattern='/**']] with [org.springframework.security.web.session.DisableEncodeUrlFilter@6e5df971, org.springframework.security.web.context.request.async.WebAsyncManagerIntegrationFilter@3c7787a7, org.springframework.security.web.context.SecurityContextHolderFilter@2b569858, org.springframework.security.web.header.HeaderWriterFilter@732bb49d, org.springframework.web.filter.CorsFilter@2ca464bb, org.springframework.security.web.authentication.logout.LogoutFilter@6c120b00, br.org.sesisenai.DoaVille.security.JwtFilter@1c879f07, org.springframework.security.web.savedrequest.RequestCacheAwareFilter@41d8ac75, org.springframework.security.web.servletapi.SecurityContextHolderAwareRequestFilter@1e1d813a, org.springframework.security.web.authentication.AnonymousAuthenticationFilter@4767be27, org.springframework.security.web.session.SessionManagementFilter@491f3fb0, org.springframework.security.web.access.ExceptionTranslationFilter@45e68fac, org.springframework.security.web.access.intercept.AuthorizationFilter@53202b06]
2025-05-18T13:54:19.821-03:00  INFO 137384 --- [           main] b.o.s.R.DoaVilleApplicationTests     : Started DoaVilleApplicationTests in 5.689 seconds (process running for 6.957)

===== INICIALIZAÇÃO DO BANCO DE DADOS =====
Hibernate: 
    select
        u1_0.id,
        u1_0.cliente_id,
        u1_0.email,
        u1_0.nome,
        u1_0.nome_usuario,
        u1_0.perfil,
        u1_0.senha 
    from
        usuario u1_0
Usuário administrador já existe no banco de dados.
===== INICIALIZAÇÃO CONCLUÍDA =====

Hibernate: 
    select
        u1_0.id,
        u1_0.cliente_id,
        u1_0.email,
        u1_0.nome,
        u1_0.nome_usuario,
        u1_0.perfil,
        u1_0.senha 
    from
        usuario u1_0 
    where
        u1_0.nome_usuario=?
Hibernate: 
    select
        u1_0.id,
        u1_0.cliente_id,
        u1_0.email,
        u1_0.nome,
        u1_0.nome_usuario,
        u1_0.perfil,
        u1_0.senha 
    from
        usuario u1_0

===== DIAGNÓSTICO DE AUTENTICAÇÃO =====
Total de usuários no banco: 3

Usuários existentes:
ID: 2 | Nome: Administrador | Email: null | NomeUsuario: admin | Perfil: ADMIN | Senha (hash): $2a$10$s.Q...
ID: 3 | Nome: Usuário de Teste | Email: teste@email.com | NomeUsuario: teste@email.com | Perfil: ADMIN | Senha (hash): $2a$10$BtJ...
ID: 1 | Nome: Administrador | Email: admin@email.com | NomeUsuario: admin@email.com | Perfil: ADMIN | Senha (hash): $2a$10$M.c...
Hibernate: 
    select
        u1_0.id,
        u1_0.cliente_id,
        u1_0.email,
        u1_0.nome,
        u1_0.nome_usuario,
        u1_0.perfil,
        u1_0.senha 
    from
        usuario u1_0 
    where
        u1_0.email=?
Hibernate: 
    select
        u1_0.id,
        u1_0.cliente_id,
        u1_0.email,
        u1_0.nome,
        u1_0.nome_usuario,
        u1_0.perfil,
        u1_0.senha 
    from
        usuario u1_0 
    where
        u1_0.email=?
Hibernate: 
    select
        u1_0.id,
        c1_0.id,
        c1_0.atividade_economica,
        c1_0.cnpj,
        c1_0.nome,
        c1_0.responsavel,
        d1_0.cliente_id,
        d1_0.id,
        d1_0.data_declaracao,
        d1_0.data_fim_periodo,
        d1_0.data_inicio_periodo,
        d1_0.total_compensacao,
        d1_0.total_materiais,
        u1_0.email,
        u1_0.nome,
        u1_0.nome_usuario,
        u1_0.perfil,
        u1_0.senha 
    from
        usuario u1_0 
    left join
        cliente c1_0 
            on c1_0.id=u1_0.cliente_id 
    left join
        declaracao d1_0 
            on c1_0.id=d1_0.cliente_id 
    where
        u1_0.id=?
Hibernate: 
    update
        usuario 
    set
        cliente_id=?,
        email=?,
        nome=?,
        nome_usuario=?,
        perfil=?,
        senha=? 
    where
        id=?

Usuário de teste atualizado com sucesso:
Email: teste@email.com
Senha (texto): 123456
Senha (hash): $2a$10$2RKOXUf7wmW3/Z29YLkmguY.n1zoJJIqHkfEGCeaw4sz51wq0QBpW
Hibernate: 
    select
        u1_0.id,
        u1_0.cliente_id,
        u1_0.email,
        u1_0.nome,
        u1_0.nome_usuario,
        u1_0.perfil,
        u1_0.senha 
    from
        usuario u1_0 
    where
        u1_0.email=?
Hibernate: 
    select
        u1_0.id,
        c1_0.id,
        c1_0.atividade_economica,
        c1_0.cnpj,
        c1_0.nome,
        c1_0.responsavel,
        d1_0.cliente_id,
        d1_0.id,
        d1_0.data_declaracao,
        d1_0.data_fim_periodo,
        d1_0.data_inicio_periodo,
        d1_0.total_compensacao,
        d1_0.total_materiais,
        u1_0.email,
        u1_0.nome,
        u1_0.nome_usuario,
        u1_0.perfil,
        u1_0.senha 
    from
        usuario u1_0 
    left join
        cliente c1_0 
            on c1_0.id=u1_0.cliente_id 
    left join
        declaracao d1_0 
            on c1_0.id=d1_0.cliente_id 
    where
        u1_0.id=?
Hibernate: 
    update
        usuario 
    set
        cliente_id=?,
        email=?,
        nome=?,
        nome_usuario=?,
        perfil=?,
        senha=? 
    where
        id=?

Usuário admin atualizado com sucesso!
Email: admin@email.com
NomeUsuario: admin@email.com
Senha: 123456

===== INSTRUÇÕES DE TESTE =====
1. Tente fazer login com o usuário de teste:
   Endpoint: /auth/login
   Payload: { "email": "teste@email.com", "senha": "123456" }

2. Tente fazer login com o usuário admin:
   Endpoint: /auth/login
   Payload: { "email": "admin@email.com", "senha": "123456" }

===== FIM DO DIAGNÓSTICO =====

]]></system-out>
    <system-err><![CDATA[WARNING: A Java agent has been loaded dynamically (/home/red-dragon/.m2/repository/net/bytebuddy/byte-buddy-agent/1.14.13/byte-buddy-agent-1.14.13.jar)
WARNING: If a serviceability tool is in use, please run with -XX:+EnableDynamicAgentLoading to hide this warning
WARNING: If a serviceability tool is not in use, please run with -Djdk.instrument.traceUsage for more information
WARNING: Dynamic loading of agents will be disallowed by default in a future release
]]></system-err>
  </testcase>
</testsuite>